Arguments: 
  /snap/node/3790/bin/node /snap/node/3790/bin/yarn.js install --silent

PATH: 
  /home/user/.vscode-server/bin/2b9aebd5354a3629c3aba0a5f5df49f43d6689f8/bin:/home/user/.vscode-server/bin/2b9aebd5354a3629c3aba0a5f5df49f43d6689f8/bin:/usr/local/sbin:/usr/local/bin:/usr/sbin:/usr/bin:/sbin:/bin:/usr/games:/usr/local/games:/snap/bin

Yarn version: 
  1.22.5

Node version: 
  14.16.0

Platform: 
  linux x64

Trace: 
  Error: EACCES: permission denied, write
      at writeSync (fs.js:711:3)
      at SyncWriteStream._write (internal/fs/sync_write_stream.js:24:3)
      at writeOrBuffer (internal/streams/writable.js:358:12)
      at SyncWriteStream.Writable.write (internal/streams/writable.js:303:10)
      at ConsoleReporter.warn (/snap/node/3790/lib/cli.js:96792:17)
      at Install.<anonymous> (/snap/node/3790/lib/cli.js:7266:23)
      at Generator.next (<anonymous>)
      at step (/snap/node/3790/lib/cli.js:310:30)
      at /snap/node/3790/lib/cli.js:321:13

npm manifest: 
  {
    "name": "css-katas",
    "version": "1.0.0",
    "description": "",
    "main": "index.js",
    "scripts": {
      "start": "live-server"
    },
    "keywords": [],
    "author": "",
    "license": "ISC",
    "dependencies": {
      "live-server": "^1.2.1"
    }
  }

yarn manifest: 
  No manifest

Lockfile: 
  No lockfile
